|ERROR|2020-04-28 01:09:31,216|Unknown instrument: PY_VAR0
|ERROR|2020-04-28 01:09:43,720|Socket returns unknown error.
|ERROR|2020-04-28 01:11:27,417|Unknown instrument: PY_VAR0
|ERROR|2020-04-28 01:12:18,565|Unknown instrument: PY_VAR0
|ERROR|2020-04-28 01:14:12,457|Unknown instrument: .!optionmenu
|ERROR|2020-05-01 21:11:19,991|Socket returns unknown error.
|ERROR|2020-05-04 14:27:05,923|Socket returns unknown error.
|ERROR|2020-05-04 14:28:21,640|Socket returns unknown error.
|ERROR|2020-05-04 14:29:04,366|Socket returns unknown error.
|ERROR|2020-05-04 14:29:10,329|Socket returns unknown error.
|ERROR|2020-05-04 14:29:27,381|Socket returns unknown error.
|ERROR|2020-05-04 14:29:36,389|Socket returns unknown error.
|ERROR|2020-05-04 14:29:44,503|Socket returns unknown error.
|ERROR|2020-05-04 14:29:50,054|Socket returns unknown error.
|ERROR|2020-05-04 14:31:03,664|Socket returns unknown error.
|ERROR|2020-05-04 14:31:08,163|Socket returns unknown error.
|ERROR|2020-05-04 14:33:16,237|Socket returns unknown error.
|ERROR|2020-05-04 14:46:49,854|Socket returns unknown error.
|ERROR|2020-05-04 14:49:00,602|Socket returns unknown error.
|ERROR|2020-05-04 14:50:37,622|Socket returns unknown error.
|ERROR|2020-05-04 14:56:32,788|Socket returns unknown error.
|ERROR|2020-05-04 14:57:12,304|Socket returns unknown error.
|ERROR|2020-05-04 14:59:09,942|Socket returns unknown error.
|ERROR|2020-05-04 15:02:45,360|Socket returns unknown error.
|ERROR|2020-05-04 16:58:50,961|Socket returns unknown error.
|ERROR|2020-05-04 16:58:52,768|Socket returns unknown error.
|ERROR|2020-05-04 19:56:54,677|FXCM Server reports an unknown error: {'executed': False, 'error': ''}.
|ERROR|2020-05-04 19:56:54,749|Can not parse server answer to json object: {"response":{"executed":false,"error":""},"instrument_id":"1","period_id":"D1","candles":[]}.
|ERROR|2020-05-25 17:27:55,144|packet queue is empty, aborting
|ERROR|2020-05-26 15:34:24,260|Socket returns unknown error.
|ERROR|2020-05-26 15:34:27,331|Socket returns unknown error.
|ERROR|2020-05-27 21:38:37,017|packet queue is empty, aborting
|ERROR|2020-06-03 13:15:40,376|Socket returns unknown error.
